<?xml version="1.0" encoding="UTF-8"?>
<!-- Generated by org.testng.reporters.JUnitXMLReporter -->
<testsuite ignored="0" hostname="AKSHAY-NAIKWADI" failures="0" tests="1" name="Test" time="2.143" errors="0" timestamp="2022-07-22T10:51:12 IST">
  <testcase classname="POM_DDF_TestNG.KiteLoginTest" name="@BeforeClass OpenBrowser" time="2.091">
    <failure type="org.openqa.selenium.SessionNotCreatedException" message="session not created: This version of ChromeDriver only supports Chrome version 100
Current browser version is 103.0.5060.134 with binary path C:\Program Files\Google\Chrome\Application\chrome.exe
Build info: version: &amp;apos;3.141.59&amp;apos;, revision: &amp;apos;e82be7d358&amp;apos;, time: &amp;apos;2018-11-14T08:25:53&amp;apos;
System info: host: &amp;apos;AKSHAY-NAIKWADI&amp;apos;, ip: &amp;apos;192.168.1.38&amp;apos;, os.name: &amp;apos;Windows 11&amp;apos;, os.arch: &amp;apos;amd64&amp;apos;, os.version: &amp;apos;10.0&amp;apos;, java.version: &amp;apos;17.0.2&amp;apos;
Driver info: driver.version: ChromeDriver
remote stacktrace: Backtrace:
	Ordinal0 [0x004E7413+2389011]
	Ordinal0 [0x00479F61+1941345]
	Ordinal0 [0x0036C658+837208]
	Ordinal0 [0x0038C773+968563]
	Ordinal0 [0x0038837A+951162]
	Ordinal0 [0x00385C51+941137]
	Ordinal0 [0x003B8C80+1150080]
	Ordinal0 [0x003B88DA+1149146]
	Ordinal0 [0x003B3F66+1130342]
	Ordinal0 [0x0038E546+976198]
	Ordinal0 [0x0038F456+980054]
	GetHandleVerifier [0x00699632+1727522]
	GetHandleVerifier [0x0074BA4D+2457661]
	GetHandleVerifier [0x0057EB81+569713]
	GetHandleVerifier [0x0057DD76+566118]
	Ordinal0 [0x00480B2B+1968939]
	Ordinal0 [0x00485988+1989000]
	Ordinal0 [0x00485A75+1989237]
	Ordinal0 [0x0048ECB1+2026673]
	BaseThreadInitThunk [0x76426739+25]
	RtlGetFullPathName_UEx [0x771D8FEF+1215]
	RtlGetFullPathName_UEx [0x771D8FBD+1165]
">
      <![CDATA[org.openqa.selenium.SessionNotCreatedException: session not created: This version of ChromeDriver only supports Chrome version 100
Current browser version is 103.0.5060.134 with binary path C:\Program Files\Google\Chrome\Application\chrome.exe
Build info: version: '3.141.59', revision: 'e82be7d358', time: '2018-11-14T08:25:53'
System info: host: 'AKSHAY-NAIKWADI', ip: '192.168.1.38', os.name: 'Windows 11', os.arch: 'amd64', os.version: '10.0', java.version: '17.0.2'
Driver info: driver.version: ChromeDriver
remote stacktrace: Backtrace:
Ordinal0 [0x004E7413+2389011]
Ordinal0 [0x00479F61+1941345]
Ordinal0 [0x0036C658+837208]
Ordinal0 [0x0038C773+968563]
Ordinal0 [0x0038837A+951162]
Ordinal0 [0x00385C51+941137]
Ordinal0 [0x003B8C80+1150080]
Ordinal0 [0x003B88DA+1149146]
Ordinal0 [0x003B3F66+1130342]
Ordinal0 [0x0038E546+976198]
Ordinal0 [0x0038F456+980054]
GetHandleVerifier [0x00699632+1727522]
GetHandleVerifier [0x0074BA4D+2457661]
GetHandleVerifier [0x0057EB81+569713]
GetHandleVerifier [0x0057DD76+566118]
Ordinal0 [0x00480B2B+1968939]
Ordinal0 [0x00485988+1989000]
Ordinal0 [0x00485A75+1989237]
Ordinal0 [0x0048ECB1+2026673]
BaseThreadInitThunk [0x76426739+25]
RtlGetFullPathName_UEx [0x771D8FEF+1215]
RtlGetFullPathName_UEx [0x771D8FBD+1165]

at org.openqa.selenium.remote.W3CHandshakeResponse.lambda$errorHandler$0(W3CHandshakeResponse.java:62)
at org.openqa.selenium.remote.HandshakeResponse.lambda$getResponseFunction$0(HandshakeResponse.java:30)
at org.openqa.selenium.remote.ProtocolHandshake.lambda$createSession$0(ProtocolHandshake.java:126)
at java.base/java.util.stream.ReferencePipeline$3$1.accept(ReferencePipeline.java:197)
at java.base/java.util.Spliterators$ArraySpliterator.tryAdvance(Spliterators.java:1002)
at java.base/java.util.stream.ReferencePipeline.forEachWithCancel(ReferencePipeline.java:129)
at java.base/java.util.stream.AbstractPipeline.copyIntoWithCancel(AbstractPipeline.java:527)
at java.base/java.util.stream.AbstractPipeline.copyInto(AbstractPipeline.java:513)
at java.base/java.util.stream.AbstractPipeline.wrapAndCopyInto(AbstractPipeline.java:499)
at java.base/java.util.stream.FindOps$FindOp.evaluateSequential(FindOps.java:150)
at java.base/java.util.stream.AbstractPipeline.evaluate(AbstractPipeline.java:234)
at java.base/java.util.stream.ReferencePipeline.findFirst(ReferencePipeline.java:647)
at org.openqa.selenium.remote.ProtocolHandshake.createSession(ProtocolHandshake.java:128)
at org.openqa.selenium.remote.ProtocolHandshake.createSession(ProtocolHandshake.java:74)
at org.openqa.selenium.remote.HttpCommandExecutor.execute(HttpCommandExecutor.java:136)
at org.openqa.selenium.remote.service.DriverCommandExecutor.execute(DriverCommandExecutor.java:83)
at org.openqa.selenium.remote.RemoteWebDriver.execute(RemoteWebDriver.java:552)
at org.openqa.selenium.remote.RemoteWebDriver.startSession(RemoteWebDriver.java:213)
at org.openqa.selenium.remote.RemoteWebDriver.<init>(RemoteWebDriver.java:131)
at org.openqa.selenium.chrome.ChromeDriver.<init>(ChromeDriver.java:181)
at org.openqa.selenium.chrome.ChromeDriver.<init>(ChromeDriver.java:168)
at org.openqa.selenium.chrome.ChromeDriver.<init>(ChromeDriver.java:123)
at POM_DDF_TestNG.KiteLoginTest.OpenBrowser(KiteLoginTest.java:41)
at java.base/java.util.ArrayList.forEach(ArrayList.java:1511)
... Removed 30 stack frames]]>
    </failure>
  </testcase> <!-- @BeforeClass OpenBrowser -->
  <testcase classname="POM_DDF_TestNG.KiteLoginTest" name="@BeforeMethod LogininApp" time="-1.658467272828E9">
    <skipped/>
  </testcase> <!-- @BeforeMethod LogininApp -->
  <testcase classname="POM_DDF_TestNG.KiteLoginTest" name="@AfterMethod LogoutFromApp" time="-1.658467272837E9">
    <skipped/>
  </testcase> <!-- @AfterMethod LogoutFromApp -->
  <testcase classname="POM_DDF_TestNG.KiteLoginTest" name="@AfterClass Closebrowser" time="-1.65846727284E9">
    <skipped/>
  </testcase> <!-- @AfterClass Closebrowser -->
  <testcase classname="POM_DDF_TestNG.KiteLoginTest" name="VerifyUserID" time="0.0">
    <skipped/>
  </testcase> <!-- VerifyUserID -->
</testsuite> <!-- Test -->
